<?xml version="1.0" encoding="UTF-8"?>
<testng-results total="3" passed="3" failed="0" skipped="0">
  <reporter-output>
  </reporter-output>
  <suite started-at="2022-05-20T14:37:07Z" name="Default suite" finished-at="2022-05-20T14:37:26Z" duration-ms="18891">
    <groups>
    </groups>
    <test started-at="2022-05-20T14:37:07Z" name="Default test" finished-at="2022-05-20T14:37:26Z" duration-ms="18891">
      <class name="utils.ExcelDataProvider">
        <test-method is-config="true" signature="setUpTest()[pri:0, instance:utils.ExcelDataProvider@4a883b15]" started-at="2022-05-20T16:37:07Z" name="setUpTest" finished-at="2022-05-20T16:37:08Z" duration-ms="1171" status="PASS">
          <reporter-output>
          </reporter-output>
        </test-method> <!-- setUpTest -->
        <test-method signature="test1(java.lang.String, java.lang.String)[pri:0, instance:utils.ExcelDataProvider@4a883b15]" started-at="2022-05-20T16:37:08Z" name="test1" data-provider="test1data" finished-at="2022-05-20T16:37:16Z" duration-ms="7868" status="PASS">
          <params>
            <param index="0">
              <value>
                <![CDATA[Admin]]>
              </value>
            </param>
            <param index="1">
              <value>
                <![CDATA[admin123]]>
              </value>
            </param>
          </params>
          <reporter-output>
          </reporter-output>
        </test-method> <!-- test1 -->
        <test-method signature="test1(java.lang.String, java.lang.String)[pri:0, instance:utils.ExcelDataProvider@4a883b15]" started-at="2022-05-20T16:37:16Z" name="test1" data-provider="test1data" finished-at="2022-05-20T16:37:21Z" duration-ms="4699" status="PASS">
          <params>
            <param index="0">
              <value>
                <![CDATA[Admin2]]>
              </value>
            </param>
            <param index="1">
              <value>
                <![CDATA[admin1234]]>
              </value>
            </param>
          </params>
          <reporter-output>
          </reporter-output>
        </test-method> <!-- test1 -->
        <test-method signature="test1(java.lang.String, java.lang.String)[pri:0, instance:utils.ExcelDataProvider@4a883b15]" started-at="2022-05-20T16:37:21Z" name="test1" data-provider="test1data" finished-at="2022-05-20T16:37:26Z" duration-ms="4599" status="PASS">
          <params>
            <param index="0">
              <value>
                <![CDATA[Admin3]]>
              </value>
            </param>
            <param index="1">
              <value>
                <![CDATA[admin12345]]>
              </value>
            </param>
          </params>
          <reporter-output>
          </reporter-output>
        </test-method> <!-- test1 -->
      </class> <!-- utils.ExcelDataProvider -->
    </test> <!-- Default test -->
  </suite> <!-- Default suite -->
</testng-results>
