<?xml version="1.0" encoding="UTF-8"?>
<testng-results total="1" passed="1" failed="0" skipped="0">
  <reporter-output>
  </reporter-output>
  <suite started-at="2022-06-11T22:03:26Z" name="Suite1" finished-at="2022-06-11T22:03:26Z" duration-ms="14">
    <groups>
    </groups>
    <test started-at="2022-06-11T22:03:26Z" name="Test1" finished-at="2022-06-11T22:03:26Z" duration-ms="14">
      <class name="demo.TestNGParametersDemo">
        <test-method signature="test(java.lang.String)[pri:0, instance:demo.TestNGParametersDemo@771a660]" started-at="2022-06-12T00:03:26Z" name="test" finished-at="2022-06-12T00:03:26Z" duration-ms="5" status="PASS">
          <params>
            <param index="0">
              <value>
                <![CDATA[Przemek]]>
              </value>
            </param>
          </params>
          <reporter-output>
          </reporter-output>
        </test-method> <!-- test -->
      </class> <!-- demo.TestNGParametersDemo -->
    </test> <!-- Test1 -->
  </suite> <!-- Suite1 -->
</testng-results>
